Arguments: 
  /Users/zainekingi/.nvm/versions/node/v8.1.3/bin/node /Users/zainekingi/.nvm/versions/node/v8.1.3/bin/yarn add dotenv express express-jwt jasonwebtoken knex libsodium-wrappers

PATH: 
  /Users/zainekingi/.nvm/versions/node/v8.1.3/bin:/usr/local/bin:/usr/bin:/bin:/usr/sbin:/sbin

Yarn version: 
  1.9.4

Node version: 
  8.1.3

Platform: 
  darwin x64

Trace: 
  Error: https://registry.yarnpkg.com/jasonwebtoken: Not found
      at Request.params.callback [as _callback] (/Users/zainekingi/.nvm/versions/node/v8.1.3/lib/node_modules/yarn/lib/cli.js:64202:18)
      at Request.self.callback (/Users/zainekingi/.nvm/versions/node/v8.1.3/lib/node_modules/yarn/lib/cli.js:137468:22)
      at emitTwo (events.js:125:13)
      at Request.emit (events.js:213:7)
      at Request.<anonymous> (/Users/zainekingi/.nvm/versions/node/v8.1.3/lib/node_modules/yarn/lib/cli.js:138440:10)
      at emitOne (events.js:115:13)
      at Request.emit (events.js:210:7)
      at IncomingMessage.<anonymous> (/Users/zainekingi/.nvm/versions/node/v8.1.3/lib/node_modules/yarn/lib/cli.js:138362:12)
      at Object.onceWrapper (events.js:314:30)
      at emitNone (events.js:110:20)

npm manifest: 
  {
    "name": "jwt-auth",
    "version": "1.0.0",
    "description": "Sample JWT authentication.",
    "main": "index.js",
    "repository": "https://github.com/rous6026nz/jwt-auth.git",
    "author": "Zaine Kingi <rous6026nz@gmail.com>",
    "license": "MIT"
  }

yarn manifest: 
  No manifest

Lockfile: 
  # THIS IS AN AUTOGENERATED FILE. DO NOT EDIT THIS FILE DIRECTLY.
  # yarn lockfile v1
